<?xml version="1.0" encoding="UTF-8"?>
<testsuite name="com.example.demo.service.SlotServiceTest" tests="2" skipped="0" failures="0" errors="0" timestamp="2025-09-24T06:46:20.359Z" hostname="Mugunthans-MacBook-Air.local" time="0.005">
  <properties/>
  <testcase name="testCreateSlot_FloorNotFound()" classname="com.example.demo.service.SlotServiceTest" time="0.001"/>
  <testcase name="testCreateSlot()" classname="com.example.demo.service.SlotServiceTest" time="0.003"/>
  <system-out><![CDATA[]]></system-out>
  <system-err><![CDATA[]]></system-err>
</testsuite>
